Arguments: 
  /usr/local/bin/node /opt/yarn-v1.22.5/bin/yarn.js add vue-cli-service -S

PATH: 
  /usr/local/sbin:/usr/local/bin:/usr/sbin:/usr/bin:/sbin:/bin

Yarn version: 
  1.22.5

Node version: 
  16.10.0

Platform: 
  linux x64

Trace: 
  Error: https://registry.yarnpkg.com/vue-cli-service: Not found
      at Request.params.callback [as _callback] (/opt/yarn-v1.22.5/lib/cli.js:66988:18)
      at Request.self.callback (/opt/yarn-v1.22.5/lib/cli.js:140749:22)
      at Request.emit (node:events:390:28)
      at Request.<anonymous> (/opt/yarn-v1.22.5/lib/cli.js:141721:10)
      at Request.emit (node:events:390:28)
      at IncomingMessage.<anonymous> (/opt/yarn-v1.22.5/lib/cli.js:141643:12)
      at Object.onceWrapper (node:events:509:28)
      at IncomingMessage.emit (node:events:402:35)
      at endReadableNT (node:internal/streams/readable:1343:12)
      at processTicksAndRejections (node:internal/process/task_queues:83:21)

npm manifest: 
  {
    "name": "my-project",
    "version": "0.1.0",
    "private": true,
    "scripts": {
      "serve": "vue-cli-service serve",
      "build": "vue-cli-service build",
      "lint": "vue-cli-service lint"
    },
    "dependencies": {
      "core-js": "^3.8.3",
      "register-service-worker": "^1.7.2",
      "vue": "^2.6.14",
      "vue-class-component": "^7.2.3",
      "vue-property-decorator": "^9.1.2",
      "vue-router": "^3.5.1"
    },
    "devDependencies": {
      "@typescript-eslint/eslint-plugin": "^5.4.0",
      "@typescript-eslint/parser": "^5.4.0",
      "@vue/cli-plugin-babel": "~5.0.0",
      "@vue/cli-plugin-eslint": "~5.0.0",
      "@vue/cli-plugin-pwa": "~5.0.0",
      "@vue/cli-plugin-router": "~5.0.0",
      "@vue/cli-plugin-typescript": "~5.0.0",
      "@vue/cli-service": "~5.0.0",
      "@vue/eslint-config-typescript": "^9.1.0",
      "eslint": "^7.32.0",
      "eslint-plugin-vue": "^8.0.3",
      "typescript": "~4.5.5",
      "vue-template-compiler": "^2.6.14"
    },
    "eslintConfig": {
      "root": true,
      "env": {
        "node": true
      },
      "extends": [
        "plugin:vue/essential",
        "eslint:recommended",
        "@vue/typescript/recommended"
      ],
      "parserOptions": {
        "ecmaVersion": 2020
      },
      "rules": {}
    },
    "browserslist": [
      "> 1%",
      "last 2 versions",
      "not dead"
    ]
  }

yarn manifest: 
  No manifest

Lockfile: 
  No lockfile
